2023-05-05 09:59:12,706: INFO - $(message)s
2023-05-05 09:59:12,706: WARNING - $(message)s
2023-05-05 10:00:45,855: INFO - Una info
2023-05-05 10:00:45,856: WARNING - Algo crítico
2023-05-05 10:01:17,414: INFO - Una info - 1683295277.414643
2023-05-05 10:01:17,414: WARNING - Algo crítico - 1683295277.414997
2023-05-05 10:01:51,442: INFO - Una info - 1683295311.442904 confilehandler.py
2023-05-05 10:01:51,443: WARNING - Algo crítico - 1683295311.443458 confilehandler.py
2023-05-05 10:02:31,377: INFO - Una info - 1683295351.377246 confilehandler.py <module>
2023-05-05 10:02:31,377: WARNING - Algo crítico - 1683295351.377434 confilehandler.py <module>
2023-05-05 10:03:08,026: INFO - Una info - 1683295388.026345 confilehandler.py <module>
2023-05-05 10:03:08,026: WARNING - Algo crítico - 1683295388.026582 confilehandler.py <module>
2023-05-05 10:03:44,298: INFO - Una info - 1683295424.298217 confilehandler.py <module> 7072
2023-05-05 10:03:44,298: WARNING - Algo crítico - 1683295424.298439 confilehandler.py <module> 7072
2023-05-05 10:04:15,987: INFO - Una info - 1683295455.987847 confilehandler.py <module> 7128 MainThread
2023-05-05 10:04:15,988: WARNING - Algo crítico - 1683295455.988108 confilehandler.py <module> 7128 MainThread
Una info
Algo crítico
Una info
Algo crítico
